Build started 12/3/2015 8:47:28 AM.
     1>Project "C:\Users\hdong\Documents\Hu\Postprocessing\newintv1.2\newint\newint.vcxproj" on node 2 (Rebuild target(s)).
     1>ClCompile:
         C:\Program Files (x86)\Microsoft Visual Studio 14.0\VC\bin\CL.exe /c /Zi /nologo /W3 /WX- /sdl /O2 /Oi /Oy- /GL /D WIN32 /D NDEBUG /D _CONSOLE /D _LIB /D _UNICODE /D UNICODE /Gm- /EHsc /MD /GS /Gy /fp:precise /Zc:wchar_t /Zc:forScope /Zc:inline /Yc"stdafx.h" /Fp"Release\newint.pch" /Fo"Release\\" /Fd"Release\vc140.pdb" /Gd /TP /analyze- /errorReport:prompt stdafx.cpp
         stdafx.cpp
         C:\Program Files (x86)\Microsoft Visual Studio 14.0\VC\bin\CL.exe /c /Zi /nologo /W3 /WX- /sdl /O2 /Oi /Oy- /GL /D WIN32 /D NDEBUG /D _CONSOLE /D _LIB /D _UNICODE /D UNICODE /Gm- /EHsc /MD /GS /Gy /fp:precise /Zc:wchar_t /Zc:forScope /Zc:inline /Yu"stdafx.h" /Fp"Release\newint.pch" /Fo"Release\\" /Fd"Release\vc140.pdb" /Gd /TP /analyze- /errorReport:prompt newint.cpp
         newint.cpp
     1>newint.cpp(1150): warning C4477: 'sscanf_s' : format string '%5c' requires an argument of type 'int', but variadic argument 2 has type 'char *'
         newint.cpp(1150): note: this argument is used as a buffer size
     1>newint.cpp(1150): warning C4473: 'sscanf_s' : not enough arguments passed for format string
         newint.cpp(1150): note: placeholders and their parameters expect 4 variadic arguments, but 2 were provided
         newint.cpp(1150): note: the missing variadic argument 3 is required by format string '%56c'
         newint.cpp(1150): note: this argument is used by a conversion specifier
     1>newint.cpp(1250): warning C4476: 'printf' : unknown type field character 'O' in format specifier
     1>newint.cpp(1250): warning C4474: 'printf' : too many arguments passed for format string
         newint.cpp(1250): note: placeholders and their parameters expect 1 variadic arguments, but 2 were provided
     1>newint.cpp(3723): warning C4101: 'i': unreferenced local variable
     1>newint.cpp(3723): warning C4101: 'text_len': unreferenced local variable
       Link:
         C:\Program Files (x86)\Microsoft Visual Studio 14.0\VC\bin\link.exe /ERRORREPORT:PROMPT /OUT:"C:\Users\hdong\Documents\Hu\Postprocessing\newintv1.2\Release\newint.exe" /INCREMENTAL:NO /NOLOGO kernel32.lib user32.lib gdi32.lib winspool.lib comdlg32.lib advapi32.lib shell32.lib ole32.lib oleaut32.lib uuid.lib odbc32.lib odbccp32.lib /MANIFEST /MANIFESTUAC:"level='asInvoker' uiAccess='false'" /manifest:embed /Debug /PDB:"C:\Users\hdong\Documents\Hu\Postprocessing\newintv1.2\Release\newint.pdb" /SUBSYSTEM:CONSOLE /OPT:REF /OPT:ICF /LTCG:incremental /TLBID:1 /DYNAMICBASE /NXCOMPAT /IMPLIB:"C:\Users\hdong\Documents\Hu\Postprocessing\newintv1.2\Release\newint.lib" /MACHINE:X86 /SAFESEH Release\newint.obj
         Release\stdafx.obj
         Generating code
         All 100 functions were compiled because no usable IPDB/IOBJ from previous compilation was found.
         Finished generating code
         newint.vcxproj -> C:\Users\hdong\Documents\Hu\Postprocessing\newintv1.2\Release\newint.exe
     1>Done Building Project "C:\Users\hdong\Documents\Hu\Postprocessing\newintv1.2\newint\newint.vcxproj" (Rebuild target(s)).

Build succeeded.

Time Elapsed 00:00:02.18
