c:\users\hdong\documents\hu\postprocessing\newintv1.2\newint\release\newint.pch.codeanalysis
c:\users\hdong\documents\hu\postprocessing\newintv1.2\newint\release\vc140.pdb
c:\users\hdong\documents\hu\postprocessing\newintv1.2\newint\release\newint.pch.codeanalysisast
c:\users\hdong\documents\hu\postprocessing\newintv1.2\newint\release\stdafx.nativecodeanalysis.xml
c:\users\hdong\documents\hu\postprocessing\newintv1.2\newint\release\stdafx.obj
c:\users\hdong\documents\hu\postprocessing\newintv1.2\newint\release\newint.nativecodeanalysis.xml
c:\users\hdong\documents\hu\postprocessing\newintv1.2\newint\release\newint.obj
c:\users\hdong\documents\hu\postprocessing\newintv1.2\release\newint.exe
c:\users\hdong\documents\hu\postprocessing\newintv1.2\release\newint.ipdb
c:\users\hdong\documents\hu\postprocessing\newintv1.2\release\newint.iobj
c:\users\hdong\documents\hu\postprocessing\newintv1.2\release\newint.pdb
c:\users\hdong\documents\hu\postprocessing\newintv1.2\newint\release\nativecodeanalysis.read.1.tlog
c:\users\hdong\documents\hu\postprocessing\newintv1.2\newint\release\vc.nativecodeanalysis.all.xml
c:\users\hdong\documents\hu\postprocessing\newintv1.2\release\newint.exe.lastcodeanalysissucceeded
c:\users\hdong\documents\hu\postprocessing\newintv1.2\newint\release\newint.tlog\cl.command.1.tlog
c:\users\hdong\documents\hu\postprocessing\newintv1.2\newint\release\newint.tlog\cl.read.1.tlog
c:\users\hdong\documents\hu\postprocessing\newintv1.2\newint\release\newint.tlog\cl.write.1.tlog
c:\users\hdong\documents\hu\postprocessing\newintv1.2\newint\release\newint.tlog\link.command.1.tlog
c:\users\hdong\documents\hu\postprocessing\newintv1.2\newint\release\newint.tlog\link.read.1.tlog
c:\users\hdong\documents\hu\postprocessing\newintv1.2\newint\release\newint.tlog\link.write.1.tlog
